<?xml version="1.0" encoding="UTF-8"?>
<!-- Generated by org.testng.reporters.JUnitReportReporter -->
<testsuite hostname="LAPTOP-L8S5DE3P" failures="0" tests="1" name="TestCases.AddEmployeTest" time="21.642" errors="0" timestamp="2022-10-13T13:37:02 PDT" skipped="0">
  <testcase classname="TestCases.AddEmployeTest" name="addMultipleEmployees" time="21.642"/>
  <system-out/>
</testsuite> <!-- TestCases.AddEmployeTest -->
